# JRE version: OpenJDK Runtime Environment (11.0.2+9) (build 11.0.2+9)
# Java VM: OpenJDK 64-Bit Server VM (11.0.2+9, mixed mode, tiered, compressed oops, g1 gc, windows-amd64)
Heap:
 garbage-first heap   total 310272K, used 149620K [0x0000000704e00000, 0x0000000800000000)
  region size 1024K, 105 young (107520K), 13 survivors (13312K)
 Metaspace       used 54279K, capacity 56496K, committed 56576K, reserved 1097728K
  class space    used 6432K, capacity 7384K, committed 7424K, reserved 1048576K
GC Heap History (10 events):
Event: 2.239 GC heap before
{Heap before GC invocations=3 (full 0):
 garbage-first heap   total 258048K, used 66763K [0x0000000704e00000, 0x0000000800000000)
  region size 1024K, 60 young (61440K), 18 survivors (18432K)
 Metaspace       used 25366K, capacity 26235K, committed 26496K, reserved 1073152K
  class space    used 2813K, capacity 3171K, committed 3200K, reserved 1048576K
}
Event: 2.252 GC heap after
{Heap after GC invocations=4 (full 0):
 garbage-first heap   total 258048K, used 26988K [0x0000000704e00000, 0x0000000800000000)
  region size 1024K, 5 young (5120K), 5 survivors (5120K)
 Metaspace       used 25366K, capacity 26235K, committed 26496K, reserved 1073152K
  class space    used 2813K, capacity 3171K, committed 3200K, reserved 1048576K
}
Event: 3.259 GC heap before
{Heap before GC invocations=4 (full 0):
 garbage-first heap   total 258048K, used 72044K [0x0000000704e00000, 0x0000000800000000)
  region size 1024K, 50 young (51200K), 5 survivors (5120K)
 Metaspace       used 27365K, capacity 28205K, committed 28288K, reserved 1075200K
  class space    used 3012K, capacity 3378K, committed 3456K, reserved 1048576K
}
Event: 3.270 GC heap after
{Heap after GC invocations=5 (full 0):
 garbage-first heap   total 258048K, used 42517K [0x0000000704e00000, 0x0000000800000000)
  region size 1024K, 7 young (7168K), 7 survivors (7168K)
 Metaspace       used 27365K, capacity 28205K, committed 28288K, reserved 1075200K
  class space    used 3012K, capacity 3378K, committed 3456K, reserved 1048576K
}
Event: 3.812 GC heap before
{Heap before GC invocations=5 (full 0):
 garbage-first heap   total 258048K, used 103957K [0x0000000704e00000, 0x0000000800000000)
  region size 1024K, 67 young (68608K), 7 survivors (7168K)
 Metaspace       used 30317K, capacity 31403K, committed 31488K, reserved 1077248K
  class space    used 3337K, capacity 3767K, committed 3840K, reserved 1048576K
}
Event: 3.828 GC heap after
{Heap after GC invocations=6 (full 0):
 garbage-first heap   total 310272K, used 53248K [0x0000000704e00000, 0x0000000800000000)
  region size 1024K, 9 young (9216K), 9 survivors (9216K)
 Metaspace       used 30317K, capacity 31403K, committed 31488K, reserved 1077248K
  class space    used 3337K, capacity 3767K, committed 3840K, reserved 1048576K
}
Event: 4.259 GC heap before
{Heap before GC invocations=6 (full 0):
 garbage-first heap   total 310272K, used 74752K [0x0000000704e00000, 0x0000000800000000)
  region size 1024K, 32 young (32768K), 9 survivors (9216K)
 Metaspace       used 34627K, capacity 35789K, committed 35840K, reserved 1081344K
  class space    used 3951K, capacity 4444K, committed 4480K, reserved 1048576K
}
Event: 4.267 GC heap after
{Heap after GC invocations=7 (full 0):
 garbage-first heap   total 310272K, used 55296K [0x0000000704e00000, 0x0000000800000000)
  region size 1024K, 7 young (7168K), 7 survivors (7168K)
 Metaspace       used 34627K, capacity 35789K, committed 35840K, reserved 1081344K
  class space    used 3951K, capacity 4444K, committed 4480K, reserved 1048576K
}
Event: 5.645 GC heap before
{Heap before GC invocations=8 (full 0):
 garbage-first heap   total 310272K, used 150528K [0x0000000704e00000, 0x0000000800000000)
  region size 1024K, 102 young (104448K), 7 survivors (7168K)
 Metaspace       used 46537K, capacity 48161K, committed 48256K, reserved 1091584K
  class space    used 5337K, capacity 6004K, committed 6016K, reserved 1048576K
}
Event: 5.664 GC heap after
{Heap after GC invocations=9 (full 0):
 garbage-first heap   total 310272K, used 57460K [0x0000000704e00000, 0x0000000800000000)
  region size 1024K, 13 young (13312K), 13 survivors (13312K)
 Metaspace       used 46537K, capacity 48161K, committed 48256K, reserved 1091584K
  class space    used 5337K, capacity 6004K, committed 6016K, reserved 1048576K
}

