# JRE version: OpenJDK Runtime Environment (11.0.2+9) (build 11.0.2+9)
# Java VM: OpenJDK 64-Bit Server VM (11.0.2+9, mixed mode, tiered, compressed oops, g1 gc, windows-amd64)
Heap:
 garbage-first heap   total 310272K, used 156191K [0x0000000704e00000, 0x0000000800000000)
  region size 1024K, 111 young (113664K), 2 survivors (2048K)
 Metaspace       used 29523K, capacity 30447K, committed 30716K, reserved 1077248K
  class space    used 3169K, capacity 3503K, committed 3580K, reserved 1048576K
GC Heap History (10 events):
Event: 0.481 GC heap before
{Heap before GC invocations=0 (full 0):
 garbage-first heap   total 258048K, used 25600K [0x0000000704e00000, 0x0000000800000000)
  region size 1024K, 24 young (24576K), 0 survivors (0K)
 Metaspace       used 9934K, capacity 10123K, committed 10240K, reserved 1058816K
  class space    used 910K, capacity 970K, committed 1024K, reserved 1048576K
}
Event: 0.486 GC heap after
{Heap after GC invocations=1 (full 0):
 garbage-first heap   total 258048K, used 8544K [0x0000000704e00000, 0x0000000800000000)
  region size 1024K, 3 young (3072K), 3 survivors (3072K)
 Metaspace       used 9934K, capacity 10123K, committed 10240K, reserved 1058816K
  class space    used 910K, capacity 970K, committed 1024K, reserved 1048576K
}
Event: 2.401 GC heap before
{Heap before GC invocations=1 (full 0):
 garbage-first heap   total 258048K, used 160096K [0x0000000704e00000, 0x0000000800000000)
  region size 1024K, 151 young (154624K), 3 survivors (3072K)
 Metaspace       used 18885K, capacity 19473K, committed 19584K, reserved 1067008K
  class space    used 1933K, capacity 2158K, committed 2176K, reserved 1048576K
}
Event: 2.422 GC heap after
{Heap after GC invocations=2 (full 0):
 garbage-first heap   total 258048K, used 24882K [0x0000000704e00000, 0x0000000800000000)
  region size 1024K, 19 young (19456K), 19 survivors (19456K)
 Metaspace       used 18885K, capacity 19473K, committed 19584K, reserved 1067008K
  class space    used 1933K, capacity 2158K, committed 2176K, reserved 1048576K
}
Event: 2.992 GC heap before
{Heap before GC invocations=2 (full 0):
 garbage-first heap   total 258048K, used 83250K [0x0000000704e00000, 0x0000000800000000)
  region size 1024K, 74 young (75776K), 19 survivors (19456K)
 Metaspace       used 19996K, capacity 20674K, committed 20736K, reserved 1067008K
  class space    used 2011K, capacity 2262K, committed 2304K, reserved 1048576K
}
Event: 3.011 GC heap after
{Heap after GC invocations=3 (full 0):
 garbage-first heap   total 258048K, used 36363K [0x0000000704e00000, 0x0000000800000000)
  region size 1024K, 10 young (10240K), 10 survivors (10240K)
 Metaspace       used 19996K, capacity 20674K, committed 20736K, reserved 1067008K
  class space    used 2011K, capacity 2262K, committed 2304K, reserved 1048576K
}
Event: 4.462 GC heap before
{Heap before GC invocations=3 (full 0):
 garbage-first heap   total 258048K, used 107019K [0x0000000704e00000, 0x0000000800000000)
  region size 1024K, 79 young (80896K), 10 survivors (10240K)
 Metaspace       used 20240K, capacity 20870K, committed 20992K, reserved 1069056K
  class space    used 2012K, capacity 2263K, committed 2304K, reserved 1048576K
}
Event: 4.480 GC heap after
{Heap after GC invocations=4 (full 0):
 garbage-first heap   total 258048K, used 52031K [0x0000000704e00000, 0x0000000800000000)
  region size 1024K, 10 young (10240K), 10 survivors (10240K)
 Metaspace       used 20240K, capacity 20870K, committed 20992K, reserved 1069056K
  class space    used 2012K, capacity 2263K, committed 2304K, reserved 1048576K
}
Event: 4.676 GC heap before
{Heap before GC invocations=4 (full 0):
 garbage-first heap   total 258048K, used 60223K [0x0000000704e00000, 0x0000000800000000)
  region size 1024K, 19 young (19456K), 10 survivors (10240K)
 Metaspace       used 20599K, capacity 21210K, committed 21248K, reserved 1069056K
  class space    used 2040K, capacity 2304K, committed 2304K, reserved 1048576K
}
Event: 4.683 GC heap after
{Heap after GC invocations=5 (full 0):
 garbage-first heap   total 310272K, used 50719K [0x0000000704e00000, 0x0000000800000000)
  region size 1024K, 2 young (2048K), 2 survivors (2048K)
 Metaspace       used 20599K, capacity 21210K, committed 21248K, reserved 1069056K
  class space    used 2040K, capacity 2304K, committed 2304K, reserved 1048576K
}

